{"level":"info","message":"'GET' api/notes - fetched data","timestamp":"2025-11-05T14:48:13.774Z"}
{"level":"info","message":"'GET' api/notes - fetched data","timestamp":"2025-11-06T17:21:33.441Z"}
{"level":"info","message":"'GET' api/notes - fetched data","timestamp":"2025-11-07T09:01:01.177Z"}
{"level":"info","message":"'GET' api/notes - fetched data","timestamp":"2025-11-07T09:02:12.926Z"}
{"level":"info","message":"'GET' api/notes - fetched data","timestamp":"2025-11-07T09:04:54.570Z"}
{"level":"info","message":"'GET' api/notes - fetched data","timestamp":"2025-11-07T09:13:33.043Z"}
{"level":"info","message":"'GET' api/notes - fetched data","timestamp":"2025-11-07T22:38:47.309Z"}
{"level":"info","message":"'GET' api/notes - fetched data","timestamp":"2025-11-07T22:39:43.133Z"}
{"level":"info","message":"'GET' api/notes/:id - Note with ID 1 found","timestamp":"2025-11-07T22:40:14.432Z"}
{"level":"info","message":"'GET' api/notes - fetched data","timestamp":"2025-11-09T12:44:50.015Z"}
{"level":"info","message":"'GET' api/notes - fetched data","timestamp":"2025-11-09T12:45:01.555Z"}
{"level":"info","message":"'GET' api/notes - fetched data","timestamp":"2025-11-09T12:57:19.999Z"}
{"level":"info","message":"'GET' api/notes - fetched data","timestamp":"2025-11-09T13:39:56.924Z"}
{"level":"info","message":"'GET' api/notes - fetched data","timestamp":"2025-11-10T10:43:56.344Z"}
{"level":"info","message":"'GET' api/notes - fetched data","timestamp":"2025-11-10T12:42:30.268Z"}
{"level":"info","message":"'GET' api/notes - fetched data","timestamp":"2025-11-10T12:42:32.789Z"}
{"level":"info","message":"'GET' api/notes - fetched data","timestamp":"2025-11-10T12:43:29.049Z"}
{"level":"info","message":"'GET' api/notes/:id - Note with ID 1 found","timestamp":"2025-11-10T12:44:02.908Z"}
{"level":"info","message":"'GET' api/notes - fetched data","timestamp":"2025-11-10T12:44:17.366Z"}
{"level":"info","message":"'GET' api/notes - fetched data","timestamp":"2025-11-10T12:45:38.933Z"}
{"level":"info","message":"'GET' api/notes - fetched data","timestamp":"2025-11-10T12:45:39.127Z"}
{"level":"info","message":"'GET' api/notes - fetched data","timestamp":"2025-11-10T12:45:40.891Z"}
{"level":"info","message":"'GET' api/notes - fetched data","timestamp":"2025-11-10T12:45:44.138Z"}
{"level":"info","message":"'GET' api/notes - fetched data","timestamp":"2025-11-10T12:46:16.013Z"}
{"level":"info","message":"'GET' api/notes - fetched data","timestamp":"2025-11-10T12:46:21.744Z"}
{"level":"info","message":"'GET' api/notes - fetched data","timestamp":"2025-11-10T13:50:59.878Z"}
{"level":"info","message":"'GET' api/notes - fetched data","timestamp":"2025-11-10T13:51:29.119Z"}
{"level":"info","message":"'GET' api/notes - fetched data","timestamp":"2025-11-10T13:51:30.975Z"}
{"level":"info","message":"Server running on port 10000","timestamp":"2025-11-10T19:52:37.889Z"}
{"level":"info","message":"'GET' api/notes - fetched data","timestamp":"2025-11-10T19:53:05.792Z"}
{"level":"info","message":"'GET' api/notes - fetched data","timestamp":"2025-11-10T19:53:12.957Z"}
{"level":"info","message":"'GET' api/notes - fetched data","timestamp":"2025-11-10T19:53:43.688Z"}
{"level":"info","message":"Server running on port 10000","timestamp":"2025-11-10T19:56:30.694Z"}
{"level":"info","message":"Server running on port 10000","timestamp":"2025-11-10T19:56:31.137Z"}
{"level":"info","message":"Server running on port 10000","timestamp":"2025-11-10T19:56:32.352Z"}
{"level":"info","message":"'GET' api/notes - fetched data","timestamp":"2025-11-10T19:56:33.226Z"}
{"level":"info","message":"'GET' api/notes - fetched data","timestamp":"2025-11-10T19:56:37.902Z"}
{"level":"info","message":"Server running on port 10000","timestamp":"2025-11-10T19:56:40.803Z"}
{"level":"info","message":"'GET' api/notes - fetched data","timestamp":"2025-11-10T19:56:56.550Z"}
{"level":"info","message":"Server running on port 10000","timestamp":"2025-11-10T19:59:48.355Z"}
{"level":"info","message":"'GET' api/notes - fetched data","timestamp":"2025-11-10T19:59:51.700Z"}
{"level":"info","message":"Server running on port 10000","timestamp":"2025-11-10T20:00:07.331Z"}
{"level":"info","message":"Server running on port 10000","timestamp":"2025-11-10T20:00:11.319Z"}
{"level":"info","message":"Server running on port 10000","timestamp":"2025-11-10T20:00:24.554Z"}
{"level":"info","message":"Server running on port 10000","timestamp":"2025-11-10T20:04:01.919Z"}
{"level":"info","message":"'GET' api/notes - fetched data","timestamp":"2025-11-10T20:04:17.766Z"}
{"level":"info","message":"Server running on port 10000","timestamp":"2025-11-10T20:07:43.163Z"}
{"level":"info","message":"'GET' api/notes - fetched data","timestamp":"2025-11-10T20:07:45.391Z"}
{"level":"info","message":"Server running on port 10000","timestamp":"2025-11-10T20:07:46.921Z"}
{"level":"info","message":"'DELETE' api/notes/:id - note with ID 1 deleted","timestamp":"2025-11-10T20:30:05.378Z"}
{"level":"info","message":"New note Rakib is the best is successfully created","timestamp":"2025-11-10T20:30:39.383Z"}
{"level":"info","message":"'DELETE' api/notes/:id - note with ID 4 deleted","timestamp":"2025-11-10T20:30:51.789Z"}
{"level":"info","message":"New note Rakib s hte best is successfully created","timestamp":"2025-11-10T20:31:08.718Z"}
{"level":"info","message":"'DELETE' api/notes/:id - note with ID 4 deleted","timestamp":"2025-11-10T20:31:14.721Z"}
{"level":"info","message":"'GET' api/notes - fetched data","timestamp":"2025-11-10T20:34:25.269Z"}
{"level":"info","message":"'GET' api/notes - fetched data","timestamp":"2025-11-10T20:34:26.614Z"}
{"level":"info","message":"'GET' api/notes - fetched data","timestamp":"2025-11-10T20:34:28.936Z"}
